C51 COMPILER V9.00   MAIN                                                                  12/16/2019 10:51:51 PAGE 1   


C51 COMPILER V9.00, COMPILATION OF MODULE MAIN
OBJECT MODULE PLACED IN main.OBJ
COMPILER INVOKED BY: C:\Keil\C51\BIN\C51.EXE main.c BROWSE DEBUG OBJECTEXTEND

line level    source

   1          //本工程基于普中单片机开发板，晶振12MHz
   2          #include <config.h> 
   3          
   4          #include <uart.h> 
   5          
   6          sbit beep=P1^5;//蜂鸣器
   7          
   8          sbit fire=P1^0;//火焰传感器开关输出引脚：无火焰输出1，否则输出0
   9          //sbit rain=P1^1;//雨滴传感器开关输出引脚：无雨滴输出1，否则输出0
  10          
  11          
  12          u8 flag=0;      //0:叮,1:咚
  13          u16 n0=0,n1=0;  //n0:叮周期计数，n1:咚周期计数
  14          
  15          void delay_us(u16 n)//微秒延时
  16          {
  17   1          while(--n);
  18   1      }
  19          
  20          void delay_ms(u16 x)//毫秒延时函数
  21          {u16 i,j;
  22   1      for(i=0;i<x;i++)
  23   1          for(j=0;j<115;j++);
  24   1      }
  25          
  26          void Alarm(u8 t) //蜂鸣器报警,持续t秒,软件延时
  27          {
  28   1       u8 k; 
  29   1       u16 i,j;               
  30   1       for(k=0;k<t;k++)
  31   1       { for(i=0;i<200;i++)//叮
  32   2            {beep=0;delay_us(50);beep=1;delay_us(50);}
  33   2         for(j=0;j<100;j++)//咚
  34   2            {beep=0;delay_us(110);beep=1;delay_us(110);}
  35   2       }
  36   1      }
  37          
  38          void Alarm_Init() //蜂鸣器报警,定时器T0
  39          {
  40   1              TMOD&=0xf0;//定时器T0设为方式2,8位自动装载模式
  41   1          TMOD|=0x02;  
  42   1              TH0=0X00;
  43   1              TL0=0X00; //定时250us
  44   1              EA=1;
  45   1              ET0=1;
  46   1      }
  47          
  48          void Alarm_Power(u8 t) //打开/关闭蜂鸣器报警,定时器T0,1：打开，0：关闭
  49          {
  50   1              TR0=t; 
  51   1      }
  52          
  53          void main()
  54          {
  55   1              
C51 COMPILER V9.00   MAIN                                                                  12/16/2019 10:51:51 PAGE 2   

  56   1              uart_init(4800); 
  57   1              
  58   1              while(1)
  59   1              {    
  60   2                      if(fire==0)
  61   2                      {
  62   3                              delay_ms(10);     //消抖动
  63   3                              if(fire==0)       //确认触发
  64   3                              {
  65   4                                 uart_send_str("fire");
  66   4                                 Alarm(5);//启动报警响5秒                             
  67   4                              }
  68   3                      }
  69   2      
  70   2      //              if(rain==0)
  71   2      //              {
  72   2      //                      delay_ms(10);     //消抖动
  73   2      //                      if(rain==0)       //确认触发
  74   2      //                      {
  75   2      //                         uart_send_str("rain");
  76   2      //                         Alarm(5);//启动报警响5秒                             
  77   2      //                      }
  78   2      //              }
  79   2      
  80   2                                         
  81   2              }
  82   1      }
  83          
  84          //叮(一个周期高250us低250us，共500个周期，0.25秒)，咚(一个周期高500us低500us，共250个周期，0.25秒)
  85          void time0() interrupt 1
  86          {
  87   1              if(flag==0)
  88   1              {  
  89   2                      n0++;
  90   2                      if(n0==1000)            
  91   2                      {
  92   3                              n0=0;
  93   3                              flag=1;
  94   3                      }
  95   2                      else
  96   2                      {
  97   3                              beep=~beep;
  98   3                      }
  99   2              }
 100   1              else
 101   1              {                                          //通过改变定时计数时间可以改变门铃的声音
 102   2                      n1++;                     //叮
 103   2                      if(n1==1000)
 104   2                      {
 105   3                              n1=0;
 106   3                              TR0=0;
 107   3                              flag=0;
 108   3                      }
 109   2                      else
 110   2                      {
 111   3                              if(n1%2==0)     beep=~beep;
 112   3                      }
 113   2              }
 114   1      }
 115          
 116          
 117          
C51 COMPILER V9.00   MAIN                                                                  12/16/2019 10:51:51 PAGE 3   

 118           


MODULE INFORMATION:   STATIC OVERLAYABLE
   CODE SIZE        =    257    ----
   CONSTANT SIZE    =      5    ----
   XDATA SIZE       =   ----    ----
   PDATA SIZE       =   ----    ----
   DATA SIZE        =      5    ----
   IDATA SIZE       =   ----    ----
   BIT SIZE         =   ----    ----
END OF MODULE INFORMATION.


C51 COMPILATION COMPLETE.  0 WARNING(S),  0 ERROR(S)
