C51 COMPILER V9.00   MAIN                                                                  12/19/2023 12:59:09 PAGE 1   


C51 COMPILER V9.00, COMPILATION OF MODULE MAIN
OBJECT MODULE PLACED IN .\output\main.obj
COMPILER INVOKED BY: C:\Keil\C51\BIN\C51.EXE app\main.c BROWSE INCDIR(.\app;.\drive) DEBUG OBJECTEXTEND PRINT(.\output\m
                    -ain.lst) OBJECT(.\output\main.obj)

line level    source

   1          #include <config.h>
   2          #include <uart.h>
   3          #include <1602.h>
   4          void main()
   5          {
   6   1              uart_init(9600);
   7   1              LCD1602_Init( );//1602初始化函数
   8   1              uart_send_str("12354");
   9   1              while(1)
  10   1              {
  11   2                      if(flag==1) //接收以'#'开头且以'$'结尾的字符串，存放在buf数组中，接收结束时flag=1  
  12   2                      {
  13   3                              flag=0;
  14   3                              LCD1602_disstr(buf,1,0);
  15   3                      }       
  16   2              }               
  17   1      }


MODULE INFORMATION:   STATIC OVERLAYABLE
   CODE SIZE        =     41    ----
   CONSTANT SIZE    =      6    ----
   XDATA SIZE       =   ----    ----
   PDATA SIZE       =   ----    ----
   DATA SIZE        =   ----    ----
   IDATA SIZE       =   ----    ----
   BIT SIZE         =   ----    ----
END OF MODULE INFORMATION.


C51 COMPILATION COMPLETE.  0 WARNING(S),  0 ERROR(S)
