C51 COMPILER V9.00   UART                                                                  12/19/2023 12:59:09 PAGE 1   


C51 COMPILER V9.00, COMPILATION OF MODULE UART
OBJECT MODULE PLACED IN .\output\uart.obj
COMPILER INVOKED BY: C:\Keil\C51\BIN\C51.EXE drive\uart.c BROWSE INCDIR(.\app;.\drive) DEBUG OBJECTEXTEND PRINT(.\output
                    -\uart.lst) OBJECT(.\output\uart.obj)

line level    source

   1          #include <uart.h> 
   2          u8 buf[10],i=0;
   3          u8 flag=0;//接收命令标记，=1时表示接收完一条字符串命令
   4          void uart_init(u16 bps)  //串口初始化，@11.0592MHz，标准波特率：1200,2400,4800,9600
   5          { 
   6   1              u8 t;
   7   1              //串口的初始化
   8   1              SCON&=0x0f;
   9   1              SCON|=0x50;//双机通信，工作方式1：8位异步收发、波特率可变，允许接收数据
  10   1              PCON=PCON&0x7f;//SMOD=0
  11   1              TI=0;//软件清零，表示未发送完成
  12   1              ES=1;   //开串口中断
  13   1              
  14   1              //定时器T1的初始化
  15   1              TMOD&=0x0f;//T1设为方式2,8位自动装载模式
  16   1              TMOD|=0x20;  
  17   1              switch(bps)
  18   1              {
  19   2                      case 1200:t=0xe8;break;
  20   2                      case 2400:t=0xf4;break;
  21   2                      case 4800:t=0xfa;break;
  22   2                      case 9600:t=0xfd;break;
  23   2              }
  24   1              TH1=t;
  25   1              TL1=t;
  26   1              TR1=1;//开启T1
  27   1              
  28   1              EA=1;//开总中断
  29   1      }
  30             
  31          void uart_send_ch(u8 ch)
  32          {
  33   1              ES=0;   //关串口中断
  34   1              SBUF=ch;
  35   1              while(TI==0);//等待发送完成
  36   1              TI=0;    //清除中断标记
  37   1              ES=1;   //开串口中断
  38   1      }
  39          
  40          void uart_send_str(u8 *str)//输出字符串到串口
  41          {
  42   1              ES=0;   //关串口中断    
  43   1              TI=1;
  44   1              printf("%s\n",str);
  45   1              while(!TI);
  46   1              TI=0;
  47   1              ES=1;   //开串口中断
  48   1      }
  49          void uart_rec() interrupt 4//接收以'#'开头且以'$'结尾的字符串，存放在buf数组中，接收结束时flag=1 
  50          {
  51   1              u8 ch;
  52   1              if(RI==1)
  53   1              {
  54   2                      RI=0;
C51 COMPILER V9.00   UART                                                                  12/19/2023 12:59:09 PAGE 2   

  55   2                      ch=SBUF;
  56   2                      if(ch=='#')     i=0;
  57   2                      else if(ch=='$') {buf[i]='\0'; flag=1;}
  58   2                           else {
  59   3                                         buf[i]=ch;
  60   3                                                 i++;
  61   3                                        }                     
  62   2              }
  63   1      }


MODULE INFORMATION:   STATIC OVERLAYABLE
   CODE SIZE        =    170    ----
   CONSTANT SIZE    =      4    ----
   XDATA SIZE       =   ----    ----
   PDATA SIZE       =   ----    ----
   DATA SIZE        =     12       3
   IDATA SIZE       =   ----    ----
   BIT SIZE         =   ----    ----
END OF MODULE INFORMATION.


C51 COMPILATION COMPLETE.  0 WARNING(S),  0 ERROR(S)
