C51 COMPILER V9.59.0.0   TIMER                                                             07/05/2024 02:30:51 PAGE 1   


C51 COMPILER V9.59.0.0, COMPILATION OF MODULE TIMER
OBJECT MODULE PLACED IN .\output\timer.obj
COMPILER INVOKED BY: C:\Users\86157\Desktop\qianrushi\keil\C51\BIN\C51.EXE drive\timer.c OPTIMIZE(8,SPEED) BROWSE INCDIR
                    -(.\app;.\drive) DEBUG OBJECTEXTEND PRINT(.\output\timer.lst) TABS(2) OBJECT(.\output\timer.obj)

line level    source

   1          #include <timer.h>
   2          #define NUM (65536-50000) //每个50ms中断一次，晶振12MHz
   3          u8 x=0;
   4          u8 count=0;
   5          void Timer0_Int()//定时器0初始化
   6          {
   7   1          //设置工作方式
   8   1        TMOD=TMOD&0xf0;
   9   1        TMOD=TMOD|0x01; //T0软启动、定时器、工作方式1
  10   1        //设置计数初值
  11   1        TH0=NUM/256;
  12   1        TL0=NUM%256;
  13   1        //启动定时
  14   1        TR0=1;
  15   1        //中断允许
  16   1        EA=1;//允许CPU响应中断
  17   1        ET0=1;//允许定时器T0中断
  18   1      }
  19          void Timer0() interrupt 1  //定时器0中断服务函数
  20          {
  21   1        //重装初值
  22   1        TH0=NUM/256;
  23   1        TL0=NUM%256;
  24   1        count++;//每隔50ms中断一次
  25   1        if(count==20) //中断20次即为1秒，去做相应的处理
  26   1        {
  27   2          count=0;
  28   2        //在此补充中断服务函数代码
  29   2          x++;
  30   2          if(x==9) x=0;
  31   2        }
  32   1      }


MODULE INFORMATION:   STATIC OVERLAYABLE
   CODE SIZE        =     50    ----
   CONSTANT SIZE    =   ----    ----
   XDATA SIZE       =   ----    ----
   PDATA SIZE       =   ----    ----
   DATA SIZE        =      2    ----
   IDATA SIZE       =   ----    ----
   BIT SIZE         =   ----    ----
END OF MODULE INFORMATION.


C51 COMPILATION COMPLETE.  0 WARNING(S),  0 ERROR(S)
