C51 COMPILER V9.60.0.0   TIMER                                                             05/17/2024 15:55:00 PAGE 1   


C51 COMPILER V9.60.0.0, COMPILATION OF MODULE TIMER
OBJECT MODULE PLACED IN .\timer.obj
COMPILER INVOKED BY: E:\danpianji\Keil 5\C51\BIN\C51.EXE ..\..\..\..\..\..\_е·_ģ20240423\_
                    -е·_ģ20240420\project\app\timer.c OPTIMIZE(8,SPEED) BROWSE DEBUG OBJECTEXTEND PRINT(.\timer.lst) TABS(2) OBJE
                    -CT(.\timer.obj)

line level    source

   1          //本代码基于stc89c52，串口通信时需要使用定时器T1设置波特率，因此使用使用定
             -器T0来产生1ms的定时
   2          #include "timer.h"
   3          void timer0_init()//定时器T0定时1毫秒@12.000MHz
   4          {
   5   1        TMOD&= 0xF0;
   6   1        TMOD|= 0x01;  //设置定时器T0工作模式：软启动、定时、工作方式1-16位计数值
   7   1        TL0 = 0x18;   //设置定时初值，定时1ms
   8   1        TH0 = 0xFC;   
   9   1        TF0 = 0;    //清除TF0标志
  10   1        TR0 = 1;    //定时器0开始计时
  11   1        ET0=1;      //允许定时器0中断
  12   1        EA=1;     //开中断 
  13   1      }
  14          
  15          void timer1_init()//定时器1定时模式计时@12.000MHz，用于超声波测距
  16          {
  17   1        TMOD &= 0x0F;
  18   1        TMOD |= 0x10; //设置定时器T1工作模式：软启动、定时、工作方式1-16位计数值
  19   1        TL1 = 0x00;//设置定时器0初值
  20   1        TH1 = 0x00;
  21   1        TF1 = 0;//清除定时器0中断标记TF0
  22   1        ET1 = 0;//禁止定时器0中断
  23   1        TR1 = 0;//定时器0停止定时
  24   1      }


MODULE INFORMATION:   STATIC OVERLAYABLE
   CODE SIZE        =     39    ----
   CONSTANT SIZE    =   ----    ----
   XDATA SIZE       =   ----    ----
   PDATA SIZE       =   ----    ----
   DATA SIZE        =   ----    ----
   IDATA SIZE       =   ----    ----
   BIT SIZE         =   ----    ----
END OF MODULE INFORMATION.


C51 COMPILATION COMPLETE.  0 WARNING(S),  0 ERROR(S)
