C51 COMPILER V9.00   DHT11                                                                 12/08/2019 17:13:49 PAGE 1   


C51 COMPILER V9.00, COMPILATION OF MODULE DHT11
OBJECT MODULE PLACED IN dht11.OBJ
COMPILER INVOKED BY: D:\Program Files (x86)\KEIL\C51\BIN\C51.EXE dht11.c BROWSE DEBUG OBJECTEXTEND

line level    source

   1          #include <dht11.h>
   2          
   3          sbit Data=P2^2;   //dht11数据线
   4          
   5          void DHT11_start()//启动
   6          {
   7   1         Data=1;
   8   1         delay_us(2);
   9   1         Data=0;
  10   1         delay_ms(20);   //延时18ms以上
  11   1         Data=1;
  12   1         delay_us(30);
  13   1      }
  14          
  15          u8 DHT11_rec_byte()      //接收一个字节
  16          {
  17   1        u8 i,dat=0;
  18   1        for(i=0;i<8;i++)    //从高到低依次接收8位数据
  19   1         {          
  20   2            while(!Data);   ////等待50us低电平过去
  21   2            delay_us(8);     //延时60us，如果还为高则数据为1，否则为0 
  22   2            dat<<=1;           //移位使正确接收8位数据，数据为0时直接移位
  23   2            if(Data==1)    //数据为1时，使dat加1来接收数据1
  24   2               dat+=1;
  25   2            while(Data);  //等待数据线拉低    
  26   2          }  
  27   1          return dat;
  28   1      }
  29          
  30          void DHT11_receive(u8 *RHum,u8 *Temp) //读取测量数据，并校验，然后将温湿度值返回到形参中
  31          {
  32   1          u8 R_H,R_L,T_H,T_L,revise; 
  33   1          DHT11_start();
  34   1          if(Data==0)
  35   1          {
  36   2              while(Data==0);   //等待拉高     
  37   2              delay_us(40);  //拉高后延时80us
  38   2              R_H=DHT11_rec_byte();    //接收湿度高八位  
  39   2              R_L=DHT11_rec_byte();    //接收湿度低八位  
  40   2              T_H=DHT11_rec_byte();    //接收温度高八位  
  41   2              T_L=DHT11_rec_byte();    //接收温度低八位
  42   2              revise=DHT11_rec_byte(); //接收校正位
  43   2      
  44   2              delay_us(25);    //结束
  45   2      
  46   2              if((R_H+R_L+T_H+T_L)==revise)      //校正
  47   2              {
  48   3                  *RHum=R_H;            
  49   3                  *Temp=T_H;             
  50   3              }        
  51   2          }
  52   1      }


MODULE INFORMATION:   STATIC OVERLAYABLE
C51 COMPILER V9.00   DHT11                                                                 12/08/2019 17:13:49 PAGE 2   

   CODE SIZE        =    167    ----
   CONSTANT SIZE    =   ----    ----
   XDATA SIZE       =   ----    ----
   PDATA SIZE       =   ----    ----
   DATA SIZE        =   ----      13
   IDATA SIZE       =   ----    ----
   BIT SIZE         =   ----    ----
END OF MODULE INFORMATION.


C51 COMPILATION COMPLETE.  0 WARNING(S),  0 ERROR(S)
