C51 COMPILER V9.00   MAIN                                                                  12/19/2023 12:51:56 PAGE 1   


C51 COMPILER V9.00, COMPILATION OF MODULE MAIN
OBJECT MODULE PLACED IN .\output\main.obj
COMPILER INVOKED BY: C:\Keil\C51\BIN\C51.EXE app\main.c BROWSE INCDIR(.\app;.\drive) DEBUG OBJECTEXTEND PRINT(.\output\m
                    -ain.lst) OBJECT(.\output\main.obj)

line level    source

   1          ///*
   2          //4*4矩阵按键
   3          #include <config.h>
   4          #include <1602.h>
   5          #include <key4x4.h>
   6          #include <beep.h>
   7          void main()
   8          {
   9   1         u8 key;
  10   1         LCD1602_Init( );//1602初始化函数
  11   1         while(1)
  12   1         {
  13   2                      key=key_scan_4X4( );//扫描按键
  14   2                      if(key!=16)//有键按下
  15   2                      {
  16   3                              beep_on(100,500);//发出按键音
  17   3                              LCD1602_disch(keyval_4X4[key]);//显示按键对应的字符             
  18   3                      }
  19   2         }
  20   1      } 
  21          //*/
  22          
  23          /*
  24          //4*3矩阵按键
  25          #include <config.h>
  26          #include <1602.h>
  27          #include <key4x4.h>
  28          void main()
  29          {
  30             u8 key;
  31             LCD1602_Init( );//1602初始化函数
  32             while(1)
  33             {
  34                          key=key_scan_4X3( );//扫描按键
  35                          if(key!=12)//有键按下
  36                          {
  37                                  LCD1602_disch(keyval_4X3[key]);//显示按键对应的字符             
  38                          }
  39             }
  40          }
  41          */


MODULE INFORMATION:   STATIC OVERLAYABLE
   CODE SIZE        =     37    ----
   CONSTANT SIZE    =   ----    ----
   XDATA SIZE       =   ----    ----
   PDATA SIZE       =   ----    ----
   DATA SIZE        =   ----       1
   IDATA SIZE       =   ----    ----
   BIT SIZE         =   ----    ----
END OF MODULE INFORMATION.


C51 COMPILATION COMPLETE.  0 WARNING(S),  0 ERROR(S)
