C51 COMPILER V9.54   MAIN                                                                  06/25/2024 21:47:20 PAGE 1   


C51 COMPILER V9.54, COMPILATION OF MODULE MAIN
OBJECT MODULE PLACED IN .\output\main.obj
COMPILER INVOKED BY: D:\wpyLearn\chuanganqiapp\C51\BIN\C51.EXE app\main.c OPTIMIZE(8,SPEED) BROWSE INCDIR(.\app;.\drive)
                    - DEBUG OBJECTEXTEND PRINT(.\output\main.lst) TABS(2) OBJECT(.\output\main.obj)

line level    source

   1          #include <config.h>
   2          #include <1602.h>
   3          #include <led8.h>
   4          #include <button.h>
   5          void main()
   6          {
   7   1        LCD1602_Init( );
   8   1        while(1)
   9   1        {
  10   2          if(Btn_Press())
  11   2          {
  12   3            LCD1602_disstr("Happy Birthday",0,1);
  13   3            LCD1602_disstr("To You",1,5);
  14   3      //      while(1)
  15   3      //      {
  16   3      //      Led_Ctrl(0);
  17   3      //      }
  18   3            while(1)
  19   3            {
  20   4            P1=0x00;
  21   4            delay_ms(500);
  22   4            P1=0xFF;
  23   4            delay_ms(500);
  24   4            }
  25   3          }
  26   2        }
  27   1      }


MODULE INFORMATION:   STATIC OVERLAYABLE
   CODE SIZE        =     58    ----
   CONSTANT SIZE    =     22    ----
   XDATA SIZE       =   ----    ----
   PDATA SIZE       =   ----    ----
   DATA SIZE        =   ----    ----
   IDATA SIZE       =   ----    ----
   BIT SIZE         =   ----    ----
END OF MODULE INFORMATION.


C51 COMPILATION COMPLETE.  0 WARNING(S),  0 ERROR(S)
