C51 COMPILER V9.00   BEEP                                                                  11/11/2021 10:01:22 PAGE 1   


C51 COMPILER V9.00, COMPILATION OF MODULE BEEP
OBJECT MODULE PLACED IN .\output\beep.obj
COMPILER INVOKED BY: C:\Keil\C51\BIN\C51.EXE app\beep.c BROWSE INCDIR(.\app) DEBUG OBJECTEXTEND PRINT(.\beep.lst) OBJECT
                    -(.\output\beep.obj)

line level    source

   1          #include <beep.h>
   2          
   3          sbit beep=P1^5; //Јд√щ∆ч“эљ≈µƒґ®“е
   4          
   5          u16 code CT[]={0,
   6          262,294,330,349,392,440,494,
   7          523,587,659,698,784,880,988,
   8          1046,1175,1318,1397,1568,1760,1976
   9          };//°∞ґя°Ґ»р°Ґяд°ҐЈҐ°Ґа¬°Ґј≤°Ґќч°±µЌ°Ґ÷–°ҐЄя“фґ‘”¶µƒ∆µ¬ °£
  10          //µЌ“ф∆µ¬ ґ‘”¶ э„йѕ¬±кќ™1-7
  11          //÷–“ф∆µ¬ ґ‘”¶ э„йѕ¬±кќ™(1-7)+7
  12          //Єя“ф∆µ¬ ґ‘”¶ э„йѕ¬±кќ™(1-7)+14
  13          
  14          void beep_on(u16 n,u16 f)//Јд√щ∆чѕм£Ї∆µ¬ f£ђµ•ќїHz£ї…щ“ф≥÷–ш ±≥§n£ђµ•ќїЇЅ√л
  15          {
  16   1              u16 t,i,c;
  17   1              //ЄщЊЁ∆µ¬ Љ∆Ћг“їЄц¬ц≥е÷№∆ЏƒЏµз∆љ≥÷–ш ±Љд(ќҐ√о)£ђt=1000000/(2*f)/10£ђЉћ–ш≥э10 «“тќ™ќҐ√л—” ±Їѓ э «10±ґxќҐ√о
  18   1              t=50000/f;
  19   1              //ЄщЊЁ…щ“ф≥÷–ш ±≥§£ђЉ∆Ћг¬ц≥е÷№∆Џ÷ЎЄііќ э£ђc=f*n/1000
  20   1              c=(u32)f*n/1000;  //“тќ™f*nїб≥ђєэu16±н ЊЈґќІ£ђЋщ“‘–и“™љш––«њ÷∆ја–Ќ„™її£ђЈј÷є≥цѕ÷“з≥ц
  21   1      
  22   1              for(i=0;i<c;i++)//—≠їЈcіќ£ђ є…щ“ф≥÷–шnЇЅ√л
  23   1              {
  24   2                      beep=1;  // д≥цЄяµз∆љ
  25   2                      delay_10xus(t);  //—” ±10*tќҐ√о
  26   2                      beep=0;  // д≥цµЌµз∆љ
  27   2                      delay_10xus(t);  //—” ±10*tќҐ√о
  28   2              }
  29   1      }
  30          
  31          void alarm()//Јд√щ∆чЈҐ≥ц2÷÷≤їЌђ∆µ¬ µƒ…щ“ф£ђЉі£Ї±®Њѓ…щ
  32          {
  33   1              beep_on(500,500);//Јд√щ∆чѕм£Ї∆µ¬ 500Hz£ђ≥÷–ш500ЇЅ√л             
  34   1              beep_on(500,1000);//Јд√щ∆чѕм£Ї∆µ¬ 1000Hz£ђ≥÷–ш500ЇЅ√л 
  35   1      }
  36          
  37          void playmusic(u8 *Meter,u8 *TONE,u8 n)//≤•Ј≈Єи«ъ£ђ*Meter÷ЄѕтЄи«ъµƒљЏ≈ƒ э„й£ђ*TONE÷ЄѕтЄи«ъµƒ“фµч э„й£ђnќ™Є
             -и«ъ÷–“фµчµƒЄц э
  38          {
  39   1          u8 i;    
  40   1              for(i=0;i<n;i++)//Єи«ъ”–nЄц“ф
  41   1                      beep_on(Meter[i]*250,CT[TONE[i]]);//Јд√щ∆ч“јіќ≤•Ј≈ґ‘”¶µƒ“фµч£ђ≥÷–ш ±≥§ќ™ґ‘”¶µƒљЏ≈ƒ£ђ’вјп»°1≈ƒќ™250ЇЅ√л
  42   1                      
  43   1      }
  44          
  45          


MODULE INFORMATION:   STATIC OVERLAYABLE
   CODE SIZE        =    203    ----
   CONSTANT SIZE    =     44    ----
   XDATA SIZE       =   ----    ----
   PDATA SIZE       =   ----    ----
   DATA SIZE        =   ----      18
C51 COMPILER V9.00   BEEP                                                                  11/11/2021 10:01:22 PAGE 2   

   IDATA SIZE       =   ----    ----
   BIT SIZE         =   ----    ----
END OF MODULE INFORMATION.


C51 COMPILATION COMPLETE.  0 WARNING(S),  0 ERROR(S)
