C51 COMPILER V9.00   DELAY                                                                 04/26/2024 12:29:56 PAGE 1   


C51 COMPILER V9.00, COMPILATION OF MODULE DELAY
OBJECT MODULE PLACED IN .\output\delay.obj
COMPILER INVOKED BY: D:\app\kile\C51\BIN\C51.EXE app\delay.c BROWSE INCDIR(.\app) DEBUG OBJECTEXTEND PRINT(.\delay.lst) 
                    -OBJECT(.\output\delay.obj)

line level    source

   1          #include <delay.h>
   2          
   3          void delay_s(u8 x) //x√Î—” ±∫Ø ˝£¨@11.0592MHz
   4          {
   5   1              u16 i,j;
   6   1              for(i=0;i<=x*1000;i++)
   7   1                      for(j=0;j<=110;j++);
   8   1      }
   9          
  10          void delay_ms(u16 x)//x∫¡√Î—” ±∫Ø ˝£¨@11.0592MHz
  11          {
  12   1              u16 i,j;
  13   1              for(i=0;i<x;i++)
  14   1                      for(j=0;j<113;j++);
  15   1      }
  16          
  17          
  18          void delay_10xus(u16 x) //10*xŒ¢√Î—” ±∫Ø ˝£¨@11.0592MHz
  19          {
  20   1              while(x--);
  21   1      }


MODULE INFORMATION:   STATIC OVERLAYABLE
   CODE SIZE        =     88    ----
   CONSTANT SIZE    =   ----    ----
   XDATA SIZE       =   ----    ----
   PDATA SIZE       =   ----    ----
   DATA SIZE        =   ----    ----
   IDATA SIZE       =   ----    ----
   BIT SIZE         =   ----    ----
END OF MODULE INFORMATION.


C51 COMPILATION COMPLETE.  0 WARNING(S),  0 ERROR(S)
