C51 COMPILER V9.00   PCF8591                                                               11/03/2021 21:16:41 PAGE 1   


C51 COMPILER V9.00, COMPILATION OF MODULE PCF8591
OBJECT MODULE PLACED IN .\output\PCF8591.obj
COMPILER INVOKED BY: C:\Keil\C51\BIN\C51.EXE app\PCF8591.c BROWSE INCDIR(.\app) DEBUG OBJECTEXTEND PRINT(.\PCF8591.lst) 
                    -OBJECT(.\output\PCF8591.obj)

line level    source

   1          #include <PCF8591.h> 
   2          
   3          u8 Pcf8591_DA(u8 Val)//数字转模拟，val为数字信号值，转换成功返回1，否则返回0
   4          {
   5   1         u8 ack;
   6   1         I2C_Start();              //启动总线
   7   1         ack=I2C_SendByte(AddWr);   //发送器件地址+写
   8   1         if(ack==0)return(0);         //无应答则结束
   9   1         ack=I2C_SendByte(0x40);   //使能数字转换模拟
  10   1         if(ack==0)return(0);           //无应答则结束
  11   1         ack=I2C_SendByte(Val);     //发送数字信号值  
  12   1         if(ack==0)return(0);           //无应答则结束
  13   1         I2C_Stop();               //结束总线
  14   1         return(1);
  15   1      }
  16          
  17          u8 Pcf8591_AD(u8 channel)//模拟转数字，channel为模拟信号通道号(0-3)，转换成功则返回数字值，否则返回0
  18          {
  19   1         u8 ack,dat;
  20   1         //启动转换
  21   1         I2C_Start();            //启动总线
  22   1         ack=I2C_SendByte(AddWr);            //发送器件地址 +写
  23   1         if(ack==0)return(0);           //无应答则结束
  24   1         ack=I2C_SendByte(0x40+channel);   //发送通道选择控制字
  25   1         if(ack==0)return(0);    //无应答则结束
  26   1         I2C_Stop();             //结束总线
  27   1      
  28   1         //读取转换值
  29   1         I2C_Start();         //启动总线
  30   1         ack=I2C_SendByte(AddWr+1);     //发送器件地址 +读
  31   1         if(ack==0)return(0);    //无应答则结束
  32   1         dat=I2C_RcvByte();      //读取转换数字值
  33   1      
  34   1         I2C_Ack(1);           //发送非应答信号
  35   1         I2C_Stop();           //结束总线
  36   1         return(dat);
  37   1      }
  38           


MODULE INFORMATION:   STATIC OVERLAYABLE
   CODE SIZE        =    101    ----
   CONSTANT SIZE    =   ----    ----
   XDATA SIZE       =   ----    ----
   PDATA SIZE       =   ----    ----
   DATA SIZE        =   ----       3
   IDATA SIZE       =   ----    ----
   BIT SIZE         =   ----    ----
END OF MODULE INFORMATION.


C51 COMPILATION COMPLETE.  0 WARNING(S),  0 ERROR(S)
