C51 COMPILER V9.00   UART                                                                  11/15/2021 21:47:12 PAGE 1   


C51 COMPILER V9.00, COMPILATION OF MODULE UART
OBJECT MODULE PLACED IN .\output\uart.obj
COMPILER INVOKED BY: C:\Keil\C51\BIN\C51.EXE app\uart.c BROWSE INCDIR(.\app) DEBUG OBJECTEXTEND PRINT(.\uart.lst) OBJECT
                    -(.\output\uart.obj)

line level    source

   1          #include <uart.h> 
   2          
   3          void uart_init(u16 bps)  //串口初始化，@11.0592MHz，标准波特率：1200,2400,4800,9600
   4          { 
   5   1              u8 t;
   6   1              //串口的初始化
   7   1              SCON&=0x0f;
   8   1              SCON|=0x50;//双机通信，工作方式1：8位异步收发、波特率可变，允许接收数据
   9   1              PCON=PCON&0x7f;//SMOD=0。SMOD=1：PCON=PCON|0x80;
  10   1              TI=0;//软件清零，表示未发送完成
  11   1              ES=1;   //开串口中断
  12   1              
  13   1              //定时器T1的初始化
  14   1              TMOD&=0x0f;//T1设为方式2,8位自动装载模式
  15   1              TMOD|=0x20;  
  16   1              switch(bps)
  17   1              {
  18   2                      case 1200:t=0xe8;break;
  19   2                      case 2400:t=0xf4;break;
  20   2                      case 4800:t=0xfa;break;
  21   2                      case 9600:t=0xfd;break;
  22   2              }
  23   1              TH1=t;
  24   1              TL1=t;
  25   1              TR1=1;//开启T1
  26   1              
  27   1              EA=1;//开总中断
  28   1      }
  29          
  30          void uart_init_4800()    //串口初始化，@12MHz，波特率为4800时误差最小0.16%
  31          { 
  32   1              //串口的初始化
  33   1              SCON&=0x0f;
  34   1              SCON|=0x50;//双机通信，工作方式1：8位异步收发、波特率可变，允许接收数据
  35   1              PCON=PCON|0x80;//SMOD=1
  36   1              TI=0;//软件清零，表示未发送完成
  37   1              ES=1;   //开串口中断
  38   1              
  39   1              //定时器T1的初始化
  40   1              TMOD&=0x0f;//T1设为方式2,8位自动装载模式
  41   1              TMOD|=0x20;  
  42   1              TH1=0xf3;
  43   1              TL1=0xf3;
  44   1              TR1=1;//开启T1
  45   1              
  46   1              EA=1;//开总中断
  47   1      }   
  48          void uart_send_ch(u8 ch)
  49          {
  50   1              ES=0;   //关串口中断
  51   1              SBUF=ch;
  52   1              while(TI==0);//等待发送完成
  53   1              TI=0;    //清除中断标记
  54   1              ES=1;   //开串口中断
C51 COMPILER V9.00   UART                                                                  11/15/2021 21:47:12 PAGE 2   

  55   1      }
  56          
  57          void uart_send_str(u8 *str)//输出字符串到串口
  58          {
  59   1              ES=0;   //关串口中断    
  60   1              TI=1;
  61   1              printf("%s\n",str);
  62   1              while(!TI);
  63   1              TI=0;
  64   1              ES=1;   //开串口中断
  65   1      }


MODULE INFORMATION:   STATIC OVERLAYABLE
   CODE SIZE        =    143    ----
   CONSTANT SIZE    =      4    ----
   XDATA SIZE       =   ----    ----
   PDATA SIZE       =   ----    ----
   DATA SIZE        =   ----       3
   IDATA SIZE       =   ----    ----
   BIT SIZE         =   ----    ----
END OF MODULE INFORMATION.


C51 COMPILATION COMPLETE.  0 WARNING(S),  0 ERROR(S)
