C51 COMPILER V9.60.0.0   DELAY                                                             06/26/2024 00:30:55 PAGE 1   


C51 COMPILER V9.60.0.0, COMPILATION OF MODULE DELAY
OBJECT MODULE PLACED IN .\output\delay.obj
COMPILER INVOKED BY: E:\danpianji\Keil 5\C51\BIN\C51.EXE drive\delay.c OPTIMIZE(8,SPEED) BROWSE INCDIR(.\app;.\drive) DE
                    -BUG OBJECTEXTEND PRINT(.\output\delay.lst) TABS(2) OBJECT(.\output\delay.obj)

line level    source

   1          #include <delay.h>
   2          
   3          void delay_s(u8 x) //x√Î—” ±∫Ø ˝£¨@11.0592MHz
   4          {
   5   1        u16 i,j;
   6   1        for(i=0;i<=x*1000;i++)
   7   1          for(j=0;j<=110;j++);
   8   1      }
   9          void delay_ms(u16 x)//x∫¡√Î—” ±∫Ø ˝£¨@11.0592MHz
  10          {
  11   1        u16 i,j;
  12   1        for(i=0;i<x;i++)
  13   1              for(j=0;j<113;j++);
  14   1      }
  15          void delay_10xus(u16 x) //10*xŒ¢√Î—” ±∫Ø ˝£¨@11.0592MHz
  16          {
  17   1        while(x--);
  18   1      }


MODULE INFORMATION:   STATIC OVERLAYABLE
   CODE SIZE        =     88    ----
   CONSTANT SIZE    =   ----    ----
   XDATA SIZE       =   ----    ----
   PDATA SIZE       =   ----    ----
   DATA SIZE        =   ----    ----
   IDATA SIZE       =   ----    ----
   BIT SIZE         =   ----    ----
END OF MODULE INFORMATION.


C51 COMPILATION COMPLETE.  0 WARNING(S),  0 ERROR(S)
