C51 COMPILER V9.60.0.0   MAIN                                                              06/26/2024 00:30:55 PAGE 1   


C51 COMPILER V9.60.0.0, COMPILATION OF MODULE MAIN
OBJECT MODULE PLACED IN .\output\main.obj
COMPILER INVOKED BY: E:\danpianji\Keil 5\C51\BIN\C51.EXE app\main.c OPTIMIZE(8,SPEED) BROWSE INCDIR(.\app;.\drive) DEBUG
                    - OBJECTEXTEND PRINT(.\output\main.lst) TABS(2) OBJECT(.\output\main.obj)

line level    source

   1          //通过按键（查询）控制流水灯花样
   2          #include <config.h>
   3          #include <led8.h>
   4          #include <button.h> 
   5          void main()
   6          {
   7   1        u8 mode=0; //流水灯花样模式
   8   1        while(1)
   9   1        {
  10   2          if(Btn_Press())//按键按下并释放 
  11   2          {
  12   3            Led_Ctrl(mode); //驱动流水灯
  13   3            mode++;
  14   3            if(mode==2) mode=0; //切换两种模式0、1      
  15   3          }   
  16   2        }
  17   1      }


MODULE INFORMATION:   STATIC OVERLAYABLE
   CODE SIZE        =     25    ----
   CONSTANT SIZE    =   ----    ----
   XDATA SIZE       =   ----    ----
   PDATA SIZE       =   ----    ----
   DATA SIZE        =   ----       1
   IDATA SIZE       =   ----    ----
   BIT SIZE         =   ----    ----
END OF MODULE INFORMATION.


C51 COMPILATION COMPLETE.  0 WARNING(S),  0 ERROR(S)
