C51 COMPILER V9.59.0.0   BUTTON                                                            07/04/2024 15:46:28 PAGE 1   


C51 COMPILER V9.59.0.0, COMPILATION OF MODULE BUTTON
OBJECT MODULE PLACED IN .\output\button.obj
COMPILER INVOKED BY: C:\Users\86157\Desktop\qianrushi\keil\C51\BIN\C51.EXE drive\button.c OPTIMIZE(8,SPEED) BROWSE INCDI
                    -R(.\app;.\drive) DEBUG OBJECTEXTEND PRINT(.\output\button.lst) TABS(2) OBJECT(.\output\button.obj)

line level    source

   1          #include <button.h>
   2                      
   3          sbit btn=P2^2;
   4          bit Btn_Down()//按键按下返回1，否则返回0
   5          {
   6   1        if(btn==0)//检测按键是否被按下
   7   1        {
   8   2          delay_ms(10); //延时去抖
   9   2          if(btn==0) //确认按键按下
  10   2            return 1;       
  11   2        }
  12   1        return 0;
  13   1      }
  14          bit Btn_Press()//按键按下后释放返回1，否则返回0
  15          {
  16   1        if(btn==0)//检测按键是否被按下
  17   1        {
  18   2          delay_ms(10); //延时去抖
  19   2          if(btn==0) //确认按键按下
  20   2          { 
  21   3            while(!btn);
  22   3            return 1; 
  23   3          }       
  24   2        }
  25   1        return 0;
  26   1      }


MODULE INFORMATION:   STATIC OVERLAYABLE
   CODE SIZE        =     37    ----
   CONSTANT SIZE    =   ----    ----
   XDATA SIZE       =   ----    ----
   PDATA SIZE       =   ----    ----
   DATA SIZE        =   ----    ----
   IDATA SIZE       =   ----    ----
   BIT SIZE         =   ----    ----
END OF MODULE INFORMATION.


C51 COMPILATION COMPLETE.  0 WARNING(S),  0 ERROR(S)
