C51 COMPILER V9.59.0.0   MAIN                                                              07/04/2024 15:46:28 PAGE 1   


C51 COMPILER V9.59.0.0, COMPILATION OF MODULE MAIN
OBJECT MODULE PLACED IN .\output\main.obj
COMPILER INVOKED BY: C:\Users\86157\Desktop\qianrushi\keil\C51\BIN\C51.EXE app\main.c OPTIMIZE(8,SPEED) BROWSE INCDIR(.\
                    -app;.\drive) DEBUG OBJECTEXTEND PRINT(.\output\main.lst) TABS(2) OBJECT(.\output\main.obj)

line level    source

   1          #include <config.h> 
   2          #include <button.h>
   3          
   4          sbit led = P2^1;
   5          
   6          void main()
   7          {
   8   1        led = 1;//灯的初始状态为关。
   9   1        while(1){
  10   2          if(Btn_Press()){ //按了按钮
  11   3            led = ~led;
  12   3          }
  13   2        }   
  14   1      }
  15          
  16          
  17          
  18          
  19          void main()
  20          {
  21   1        while(1)
  22   1        {
  23   2          if(btn==0)
*** ERROR C202 IN LINE 23 OF app\main.c: 'btn': undefined identifier
  24   2          {
  25   3            delay_ms(10);
  26   3            if(btn==0)
*** ERROR C202 IN LINE 26 OF app\main.c: 'btn': undefined identifier
  27   3            {
  28   4              while(!btn);
*** ERROR C202 IN LINE 28 OF app\main.c: 'btn': undefined identifier
  29   4            }
  30   3          }
  31   2        }
  32   1      }
*** ERROR C237 IN LINE 32 OF app\main.c: 'main': function already has a body

C51 COMPILATION COMPLETE.  0 WARNING(S),  4 ERROR(S)
