C51 COMPILER V9.00   UART                                                                  12/08/2019 22:03:36 PAGE 1   


C51 COMPILER V9.00, COMPILATION OF MODULE UART
OBJECT MODULE PLACED IN uart.OBJ
COMPILER INVOKED BY: D:\Program Files (x86)\KEIL\C51\BIN\C51.EXE uart.c BROWSE DEBUG OBJECTEXTEND

line level    source

   1          #include <uart.h> 
   2          
   3          void uart_init(u16 bps)
   4          { u8 t;
   5   1        SCON=0x50;//工作方式一：8位异步收发，波特率可变，允许接收数据
   6   1        PCON=0x00;//SMOD=0
   7   1        TI=0;//软件清零，表示未发送完成
   8   1        EA=1;//开总中断
   9   1        ES=1; //开串口中断
  10   1        TMOD&=0x0f;//T1设为方式2,8位自动装载模式
  11   1        TMOD|=0x20;  
  12   1        switch(bps)
  13   1        { case 1200:t=0xe8;break;
  14   2          case 2400:t=0xf4;break;
  15   2          case 4800:t=0xfa;break;
  16   2          case 9600:t=0xfd;break;
  17   2        }
  18   1        TH1=t;
  19   1        TL1=t;
  20   1        TR1=1;//开启T1
  21   1      }
  22             
  23          void uart_send_ch(u8 ch)
  24          {
  25   1        ES=0; //关串口中断
  26   1        SBUF=ch;
  27   1        while(TI==0);//等待发送完成
  28   1        TI=0;  //清除中断标记
  29   1        ES=1; //开串口中断
  30   1      }
  31          
  32          void uart_send_str(u8 *str)//输出字符串到串口
  33          {
  34   1              TI=1;
  35   1              printf("%s\n",str);
  36   1              while(!TI);
  37   1              TI=0;
  38   1      }


MODULE INFORMATION:   STATIC OVERLAYABLE
   CODE SIZE        =    106    ----
   CONSTANT SIZE    =      4    ----
   XDATA SIZE       =   ----    ----
   PDATA SIZE       =   ----    ----
   DATA SIZE        =   ----       3
   IDATA SIZE       =   ----    ----
   BIT SIZE         =   ----    ----
END OF MODULE INFORMATION.


C51 COMPILATION COMPLETE.  0 WARNING(S),  0 ERROR(S)
