C51 COMPILER V9.59.0.0   LED8                                                              07/02/2024 17:02:15 PAGE 1   


C51 COMPILER V9.59.0.0, COMPILATION OF MODULE LED8
OBJECT MODULE PLACED IN .\output\led8.obj
COMPILER INVOKED BY: C:\Users\86157\Desktop\qianrushi\keil\C51\BIN\C51.EXE drive\led8.c OPTIMIZE(8,SPEED) BROWSE INCDIR(
                    -.\app;.\drive) DEBUG OBJECTEXTEND PRINT(.\output\led8.lst) TABS(2) OBJECT(.\output\led8.obj)

line level    source

   1          #include <led8.h>
   2          #define LED_Data P1 //宏定义8个LED灯的引脚
   3          /**********************************************LED流水灯**************************************************
             -/
   4          void Led_Ctrl(u8 mode)//不同花样的流水灯
   5          //mode=0(单个灯亮，从左往右)、1(单个灯亮，从右往左)
   6          //mode=2(相邻2个灯亮，从左往右)、3(相邻2个灯亮，从右往左)
   7          //mode=4(8个灯逐个亮，从左往右)、5(8个灯逐个亮，从右往左)
   8          //mode=6(从两边向中间，每次亮2个灯)、7(从中间向两边逐个亮，每次亮2个灯)
   9          //mode=8(从两边向中间逐个亮)、9(从两边向中间逐个亮)
  10          {
  11   1        u8 temp,i,th,tl;
  12   1        switch(mode)
  13   1        {
  14   2          case 0:temp=0x7f;
  15   2               for(i=0;i<8;i++)
  16   2               {
  17   3                 LED_Data=temp;
  18   3                 temp=_cror_(temp,1);
  19   3                 delay_ms(300);
  20   3               }
  21   2               break;
  22   2          case 1:temp=0xfe;
  23   2               for(i=0;i<8;i++)
  24   2               {
  25   3                 LED_Data=temp;
  26   3                 temp=_crol_(temp,1);
  27   3                 delay_ms(300);
  28   3               }
  29   2               break;
  30   2          case 2:
  31   2               break;
  32   2          case 3:
  33   2               break;
  34   2          case 4:
  35   2               break;
  36   2          case 5:
  37   2               break;
  38   2          case 6:
  39   2               break;
  40   2          case 7:
  41   2               break;
  42   2          case 8:
  43   2               break;
  44   2          case 9:
  45   2               break;
  46   2        }
  47   1        LED_Data=0xff;
  48   1      }
*** WARNING C280 IN LINE 11 OF drive\led8.c: 'th': unreferenced local variable
*** WARNING C280 IN LINE 11 OF drive\led8.c: 'tl': unreferenced local variable


MODULE INFORMATION:   STATIC OVERLAYABLE
C51 COMPILER V9.59.0.0   LED8                                                              07/02/2024 17:02:15 PAGE 2   

   CODE SIZE        =     99    ----
   CONSTANT SIZE    =   ----    ----
   XDATA SIZE       =   ----    ----
   PDATA SIZE       =   ----    ----
   DATA SIZE        =   ----       4
   IDATA SIZE       =   ----    ----
   BIT SIZE         =   ----    ----
END OF MODULE INFORMATION.


C51 COMPILATION COMPLETE.  2 WARNING(S),  0 ERROR(S)
