C51 COMPILER V9.00   MAIN                                                                  12/19/2023 12:02:46 PAGE 1   


C51 COMPILER V9.00, COMPILATION OF MODULE MAIN
OBJECT MODULE PLACED IN .\output\main.obj
COMPILER INVOKED BY: C:\Keil\C51\BIN\C51.EXE app\main.c BROWSE INCDIR(.\app;.\drive) DEBUG OBJECTEXTEND PRINT(.\output\m
                    -ain.lst) OBJECT(.\output\main.obj)

line level    source

   1          //数码管显示整数、小数
   2          #include <config.h>
   3          #include <smg8.h>
   4          void main()
   5          {
   6   1         float x=520.1358;
   7   1         u16 y=1314;
   8   1         u8 buf[10];//存放输出的字符串
   9   1         while(1)
  10   1         {
  11   2                      //将数字转换成字符串
  12   2                      sprintf(buf,"%.2f",x); //左对齐显示小数，保留2位小数
  13   2      //              sprintf(buf,"%9.2f",x);//右对齐显示小数，保留2位小数
  14   2      //              sprintf(buf,"%u",y);   //左对齐显示整数
  15   2      //              sprintf(buf,"%8u",y);  //右对齐显示整数
  16   2      
  17   2                      smg_dis_str(buf);//显示数字字符串
  18   2         }
  19   1      }


MODULE INFORMATION:   STATIC OVERLAYABLE
   CODE SIZE        =     59    ----
   CONSTANT SIZE    =      5    ----
   XDATA SIZE       =   ----    ----
   PDATA SIZE       =   ----    ----
   DATA SIZE        =   ----      16
   IDATA SIZE       =   ----    ----
   BIT SIZE         =   ----    ----
END OF MODULE INFORMATION.


C51 COMPILATION COMPLETE.  0 WARNING(S),  0 ERROR(S)
