C51 COMPILER V9.60.0.0   DELAY                                                             06/14/2024 12:29:37 PAGE 1   


C51 COMPILER V9.60.0.0, COMPILATION OF MODULE DELAY
OBJECT MODULE PLACED IN delay.OBJ
COMPILER INVOKED BY: E:\danpianji\Keil 5\C51\BIN\C51.EXE delay.c OPTIMIZE(8,SPEED) BROWSE DEBUG OBJECTEXTEND TABS(2)

line level    source

   1          #include "delay.h"
   2          
   3          void delay_us(u8 n)//微秒延时
   4          {
   5   1          while(--n);
   6   1      }
   7          
   8          void delay_ms(u16 x)//毫秒延时函数
   9          {
  10   1        u16 i,j;
  11   1        for(i=0;i<x;i++)
  12   1          for(j=0;j<115;j++);
  13   1      }


MODULE INFORMATION:   STATIC OVERLAYABLE
   CODE SIZE        =     35    ----
   CONSTANT SIZE    =   ----    ----
   XDATA SIZE       =   ----    ----
   PDATA SIZE       =   ----    ----
   DATA SIZE        =   ----    ----
   IDATA SIZE       =   ----    ----
   BIT SIZE         =   ----    ----
END OF MODULE INFORMATION.


C51 COMPILATION COMPLETE.  0 WARNING(S),  0 ERROR(S)
