C51 COMPILER V9.00   MAIN                                                                  12/19/2023 12:54:58 PAGE 1   


C51 COMPILER V9.00, COMPILATION OF MODULE MAIN
OBJECT MODULE PLACED IN .\output\main.obj
COMPILER INVOKED BY: C:\Keil\C51\BIN\C51.EXE app\main.c BROWSE INCDIR(.\app;.\drive) DEBUG OBJECTEXTEND PRINT(.\output\m
                    -ain.lst) OBJECT(.\output\main.obj)

line level    source

   1          #include <config.h>
   2          #include <1602.h>
   3          #include <24C02.h> 
   4          void main()
   5          {
   6   1              u8 ch;
   7   1              LCD1602_Init( );//1602³õÊ¼»¯º¯Êý
   8   1              WriteRom(0,'X');
   9   1              ch=ReadRom(0);
  10   1              LCD1602_disch(ch);
  11   1              while(1)
  12   1              {
  13   2      
  14   2              }               
  15   1      }


MODULE INFORMATION:   STATIC OVERLAYABLE
   CODE SIZE        =     20    ----
   CONSTANT SIZE    =   ----    ----
   XDATA SIZE       =   ----    ----
   PDATA SIZE       =   ----    ----
   DATA SIZE        =   ----    ----
   IDATA SIZE       =   ----    ----
   BIT SIZE         =   ----    ----
END OF MODULE INFORMATION.


C51 COMPILATION COMPLETE.  0 WARNING(S),  0 ERROR(S)
