C51 COMPILER V9.00   MAIN                                                                  12/19/2023 12:10:17 PAGE 1   


C51 COMPILER V9.00, COMPILATION OF MODULE MAIN
OBJECT MODULE PLACED IN .\output\main.obj
COMPILER INVOKED BY: C:\Keil\C51\BIN\C51.EXE app\main.c BROWSE INCDIR(.\app;.\drive) DEBUG OBJECTEXTEND PRINT(.\output\m
                    -ain.lst) OBJECT(.\output\main.obj)

line level    source

   1          #include <config.h>
   2          #include <1602.h>
   3          void main()
   4          {
   5   1         float y=15.387;
   6   1         u16 x=520;
   7   1         u8 buf[10];
   8   1         LCD1602_Init( );//1602初始化函数
   9   1         LCD1602_disstr("hello world!",0,0);//显示字符串
  10   1         sprintf(buf,"%u",x);
  11   1         LCD1602_disstr(buf,1,0);//显示整数
  12   1         sprintf(buf,"%.2f",y);
  13   1         LCD1602_disstr(buf,1,8);//显示小数
  14   1         while(1);
  15   1      }


MODULE INFORMATION:   STATIC OVERLAYABLE
   CODE SIZE        =    118    ----
   CONSTANT SIZE    =     21    ----
   XDATA SIZE       =   ----    ----
   PDATA SIZE       =   ----    ----
   DATA SIZE        =   ----      16
   IDATA SIZE       =   ----    ----
   BIT SIZE         =   ----    ----
END OF MODULE INFORMATION.


C51 COMPILATION COMPLETE.  0 WARNING(S),  0 ERROR(S)
