C51 COMPILER V9.00   INTR                                                                  12/19/2023 11:48:29 PAGE 1   


C51 COMPILER V9.00, COMPILATION OF MODULE INTR
OBJECT MODULE PLACED IN .\output\intr.obj
COMPILER INVOKED BY: C:\Keil\C51\BIN\C51.EXE drive\intr.c BROWSE INCDIR(.\app;.\drive) DEBUG OBJECTEXTEND PRINT(.\output
                    -\intr.lst) OBJECT(.\output\intr.obj)

line level    source

   1          #include <intr.h>
   2          u8 mode=0; //蜂鸣器工作模式
   3          void INTR_Int()//外部中断初始化
   4          {
   5   1              //设置外部中断触发方式
   6   1              IT0=1;//下降沿出发
   7   1              IT1=1;//下降沿出发
   8   1              //中断允许
   9   1              EA=1;//允许CPU响应中断
  10   1              EX0=1;//允许外部中断0
  11   1              EX1=1;//允许外部中断1
  12   1      }
  13          void Intr0() interrupt 0  //外部中断0中断服务函数
  14          {
  15   1      //在此补充中断服务函数代码
  16   1              mode++;
  17   1              if(mode==4) mode=0;//切换蜂鸣器工作模式：0-3
  18   1      }
  19          void Intr1() interrupt 2  //外部中断1中断服务函数
  20          {
  21   1      //在此补充中断服务函数代码
  22   1      }
  23                                                      


MODULE INFORMATION:   STATIC OVERLAYABLE
   CODE SIZE        =     31    ----
   CONSTANT SIZE    =   ----    ----
   XDATA SIZE       =   ----    ----
   PDATA SIZE       =   ----    ----
   DATA SIZE        =      1    ----
   IDATA SIZE       =   ----    ----
   BIT SIZE         =   ----    ----
END OF MODULE INFORMATION.


C51 COMPILATION COMPLETE.  0 WARNING(S),  0 ERROR(S)
