C51 COMPILER V9.00   MAIN                                                                  12/19/2023 11:48:27 PAGE 1   


C51 COMPILER V9.00, COMPILATION OF MODULE MAIN
OBJECT MODULE PLACED IN .\output\main.obj
COMPILER INVOKED BY: C:\Keil\C51\BIN\C51.EXE app\main.c BROWSE INCDIR(.\app;.\drive) DEBUG OBJECTEXTEND PRINT(.\output\m
                    -ain.lst) OBJECT(.\output\main.obj)

line level    source

   1          //通过按键（中断）控制蜂鸣器报警、播放音乐
   2          #include <config.h>
   3          #include <beep.h>
   4          #include <intr.h>
   5          void main()
   6          {
   7   1              INTR_Int();
   8   1              while(1)
   9   1              {
  10   2                      switch(mode)//蜂鸣器工作模式：0-不响、1-报警、2-播放“生日快乐“、3-播放”两只老虎”
  11   2                      {
  12   3                              case 0:break;
  13   3                              case 1:alarm();break;//报警
  14   3                              case 2:playmusic(Music2Meter,Music2TONE,Music2Len); break;//播放“生日快乐“
  15   3                              case 3:playmusic(Music1Meter,Music1TONE,Music1Len); break;//播放”两只老虎”
  16   3                      }
  17   2              }
  18   1      }


MODULE INFORMATION:   STATIC OVERLAYABLE
   CODE SIZE        =     75    ----
   CONSTANT SIZE    =   ----    ----
   XDATA SIZE       =   ----    ----
   PDATA SIZE       =   ----    ----
   DATA SIZE        =   ----    ----
   IDATA SIZE       =   ----    ----
   BIT SIZE         =   ----    ----
END OF MODULE INFORMATION.


C51 COMPILATION COMPLETE.  0 WARNING(S),  0 ERROR(S)
