C51 COMPILER V9.00   MAIN                                                                  12/08/2019 17:00:20 PAGE 1   


C51 COMPILER V9.00, COMPILATION OF MODULE MAIN
OBJECT MODULE PLACED IN main.OBJ
COMPILER INVOKED BY: D:\Program Files (x86)\KEIL\C51\BIN\C51.EXE main.c BROWSE DEBUG OBJECTEXTEND

line level    source

   1          //本工程基于普中单片机开发板，晶振12MHz
   2          #include <config.h> 
   3          #include <ds18b20.h> 
   4          
   5          //#include <uart.h>
   6          //#include <1602.h>
   7          #include <led.h> 
   8          
   9          void delay_ms(u16 x)//毫秒延时函数
  10          {u16 i,j;
  11   1      for(i=0;i<x;i++)
  12   1          for(j=0;j<115;j++);
  13   1      }
  14          
  15          void main()
  16          {
  17   1              u8 i;
  18   1              float n;
  19   1              u8 print[10];
  20   1      
  21   1      //      uart_init(4800); //串口初始化             12MHz时，波特率取4800，误差较小
  22   1      //      LCD1602_Init( );
  23   1              
  24   1              while(1)
  25   1              {    
  26   2                      Ds18b20_Tempchg();      //启动温度变换
  27   2                      n=Ds18b20_Gettemp();  //读取温度
  28   2      //              sprintf(print,"Temp: %.1f",n);
  29   2      //          uart_send_str(print);//输出到串口
  30   2      //      LCD1602_disstr(print,0,0);//输出到1602液晶显示屏
  31   2      //              delay_ms(800);
  32   2                      
  33   2                      sprintf(print,"%.1f",n);
  34   2              for(i=0;i<50;i++)
  35   2                  Print_str_LED(print);//输出数字串到数码管//输出到数码管                                        
  36   2              }
  37   1      }
  38          
  39          
  40          
  41          
  42           


MODULE INFORMATION:   STATIC OVERLAYABLE
   CODE SIZE        =     87    ----
   CONSTANT SIZE    =      5    ----
   XDATA SIZE       =   ----    ----
   PDATA SIZE       =   ----    ----
   DATA SIZE        =   ----      11
   IDATA SIZE       =   ----    ----
   BIT SIZE         =   ----    ----
END OF MODULE INFORMATION.


C51 COMPILATION COMPLETE.  0 WARNING(S),  0 ERROR(S)
