C51 COMPILER V9.00   MAIN                                                                  12/19/2023 12:20:10 PAGE 1   


C51 COMPILER V9.00, COMPILATION OF MODULE MAIN
OBJECT MODULE PLACED IN .\output\main.obj
COMPILER INVOKED BY: C:\Keil\C51\BIN\C51.EXE app\main.c BROWSE INCDIR(.\app;.\drive) DEBUG OBJECTEXTEND PRINT(.\output\m
                    -ain.lst) OBJECT(.\output\main.obj)

line level    source

   1          #include <config.h>     
   2          #include <ST7920.h>
   3          void main()
   4          {
   5   1         u8 buf1[9],buf2[17];
   6   1         float y=15.387;
   7   1         u16 x=520;
   8   1      
   9   1         ST7920_Init();//初始化函数
  10   1         ST7920_str("湖北襄阳",0,0);//显示汉字
  11   1         
  12   1         sprintf(buf1,"%u",x);//将整数转换成字符串
  13   1         num_hs_to_fs(buf1,buf2);//将半角数字串转换成全角数字串
  14   1         ST7920_str(buf2,1,0);//显示
  15   1         
  16   1         sprintf(buf1,"%.2f",y); //将小数转换成字符串
  17   1         num_hs_to_fs(buf1,buf2);//将半角数字串转换成全角数字串
  18   1         ST7920_str(buf2,2,0);//显示
  19   1         while(1);
  20   1         
  21   1       
  22   1      }


MODULE INFORMATION:   STATIC OVERLAYABLE
   CODE SIZE        =    154    ----
   CONSTANT SIZE    =     17    ----
   XDATA SIZE       =   ----    ----
   PDATA SIZE       =   ----    ----
   DATA SIZE        =   ----      32
   IDATA SIZE       =   ----    ----
   BIT SIZE         =   ----    ----
END OF MODULE INFORMATION.


C51 COMPILATION COMPLETE.  0 WARNING(S),  0 ERROR(S)
