C51 COMPILER V9.00   MATRIX8X8                                                             12/19/2023 11:55:31 PAGE 1   


C51 COMPILER V9.00, COMPILATION OF MODULE MATRIX8X8
OBJECT MODULE PLACED IN .\output\matrix8X8.obj
COMPILER INVOKED BY: C:\Keil\C51\BIN\C51.EXE drive\matrix8X8.c BROWSE INCDIR(.\app;.\drive) DEBUG OBJECTEXTEND PRINT(.\o
                    -utput\matrix8X8.lst) OBJECT(.\output\matrix8X8.obj)

line level    source

   1          #include <matrix8X8.h>
   2          #define COL P1 //行选
   3          #define COD P3 //行编码
   4          u8 code font[][8]={ //数字点阵码:字符模式、字体-terminal、字宽-16*8、阴码、低位在前、C51
   5          {0x18,0x24,0x24,0x24,0x24,0x24,0x18,0x00},/*"0",0*/
   6          {0x08,0x0C,0x08,0x08,0x08,0x08,0x1C,0x00},/*"1",1*/
   7          {0x18,0x24,0x20,0x10,0x08,0x04,0x3C,0x00},/*"2",2*/
   8          {0x18,0x24,0x20,0x18,0x20,0x24,0x18,0x00},/*"3",3*/
   9          {0x10,0x18,0x18,0x14,0x14,0x3C,0x10,0x00},/*"4",4*/
  10          {0x3C,0x04,0x04,0x1C,0x20,0x20,0x1C,0x00},/*"5",5*/
  11          {0x18,0x24,0x04,0x1C,0x24,0x24,0x18,0x00},/*"6",6*/
  12          {0x3C,0x24,0x20,0x10,0x08,0x08,0x08,0x00},/*"7",7*/
  13          {0x18,0x24,0x24,0x18,0x24,0x24,0x18,0x00},/*"8",8*/
  14          {0x18,0x24,0x24,0x38,0x20,0x24,0x18,0x00},/*"9",9*/
  15          };
  16          u8 code picture[]=  //图片点阵码:图形模式、像素-8*8、阴码、低位在前、C51
  17          {0x00,0x66,0xFF,0xFF,0x7E,0x3C,0x18,0x00};
  18          void matrix8X8(u8 font[])//显示8*8点阵font[8]、阴码、低位在前、C51
  19          {                               
  20   1              u8 i,line;
  21   1              line=0xFE;
  22   1              for(i=0;i<8;i++)//逐行显示8行点阵font
  23   1              {       
  24   2                      COL=line;
  25   2                      COD=font[i];
  26   2                      line=_crol_(line,1);
  27   2                      delay_ms(3);
  28   2              }
  29   1      }


MODULE INFORMATION:   STATIC OVERLAYABLE
   CODE SIZE        =     62    ----
   CONSTANT SIZE    =     88    ----
   XDATA SIZE       =   ----    ----
   PDATA SIZE       =   ----    ----
   DATA SIZE        =   ----       5
   IDATA SIZE       =   ----    ----
   BIT SIZE         =   ----    ----
END OF MODULE INFORMATION.


C51 COMPILATION COMPLETE.  0 WARNING(S),  0 ERROR(S)
