C51 COMPILER V9.60.0.0   ALARM                                                             05/24/2024 14:08:23 PAGE 1   


C51 COMPILER V9.60.0.0, COMPILATION OF MODULE ALARM
OBJECT MODULE PLACED IN .\output\alarm.obj
COMPILER INVOKED BY: E:\danpianji\Keil 5\C51\BIN\C51.EXE app\alarm.c OPTIMIZE(8,SPEED) BROWSE INCDIR(.\app) DEBUG OBJECT
                    -EXTEND PRINT(.\alarm.lst) TABS(2) OBJECT(.\output\alarm.obj)

line level    source

   1          #include "alarm.h"
   2          u8 count_100ms=0;//LED闪烁间隔时间
   3          bit alarm=0;//报警标记
   4          void led_ctrl(u8 pin,u8 sta)//指定灯亮或灭，pin(1、2、6、7、8号灯)，sta(ON、OFF)
   5          {
   6   1        switch(sta)
   7   1        {
   8   2          case 1: if(pin)   P2=P2&(~(0x01<<(pin-1)));//指定位置0，灯亮
   9   2                  break;
  10   2          case 0: if(pin)   P2=P2|(0x01<<(pin-1));//指定位置1，灯灭
  11   2                  break;
  12   2        }
  13   1      }


MODULE INFORMATION:   STATIC OVERLAYABLE
   CODE SIZE        =     43    ----
   CONSTANT SIZE    =   ----    ----
   XDATA SIZE       =   ----    ----
   PDATA SIZE       =   ----    ----
   DATA SIZE        =      1    ----
   IDATA SIZE       =   ----    ----
   BIT SIZE         =      1    ----
END OF MODULE INFORMATION.


C51 COMPILATION COMPLETE.  0 WARNING(S),  0 ERROR(S)
