C51 COMPILER V9.60.0.0   DS1302                                                            04/23/2024 07:59:28 PAGE 1   


C51 COMPILER V9.60.0.0, COMPILATION OF MODULE DS1302
OBJECT MODULE PLACED IN .\output\ds1302.obj
COMPILER INVOKED BY: C:\Keil_v5\C51\BIN\C51.EXE app\ds1302.c OPTIMIZE(8,SPEED) BROWSE INCDIR(.\app) DEBUG OBJECTEXTEND P
                    -RINT(.\ds1302.lst) TABS(2) OBJECT(.\output\ds1302.obj)

line level    source

   1          #include "ds1302.h"                   
   2          
   3          
   4          void Write_Ds1302(u8 temp) //写字节
   5          {
   6   1        u8 i;
   7   1        for (i=0;i<8;i++)       
   8   1        { 
   9   2          SCK = 0;
  10   2          SDAT = temp&0x01;
  11   2          temp>>=1; 
  12   2          SCK=1;
  13   2        }
  14   1      }
  15          
  16          void Write_Ds1302_Byte(u8 address,u8 dat )//向DS1302寄存器写入数据     
  17          {
  18   1        RST=0;  _nop_();
  19   1        SCK=0;  _nop_();
  20   1        RST=1;  _nop_();  
  21   1        Write_Ds1302(address);  
  22   1        Write_Ds1302(dat);    
  23   1        RST=0; 
  24   1      }
  25          
  26          u8 Read_Ds1302_Byte (u8 address ) //从DS1302寄存器读出数据
  27          {
  28   1        u8 i,temp=0x00;
  29   1        RST=0;  _nop_();
  30   1        SCK=0;  _nop_();
  31   1        RST=1;  _nop_();
  32   1        Write_Ds1302(address);
  33   1        for (i=0;i<8;i++)   
  34   1        {   
  35   2          SCK=0;
  36   2          temp>>=1; 
  37   2          if(SDAT)
  38   2          temp|=0x80; 
  39   2          SCK=1;
  40   2        } 
  41   1        RST=0;  _nop_();
  42   1        SCK=0;  _nop_();
  43   1        SCK=1;  _nop_();
  44   1        SDAT=0; _nop_();
  45   1        SDAT=1; _nop_();
  46   1        return (temp);      
  47   1      }
  48          
  49          u8 DECtoBCD(u8 DEC) //十进制转BCD码
  50          {
  51   1        return ((DEC/10)<<4)+DEC%10;
  52   1      }
  53          
  54          u8 BCDtoDEC(u8 BCD) //BCD码转十进制
C51 COMPILER V9.60.0.0   DS1302                                                            04/23/2024 07:59:28 PAGE 2   

  55          {
  56   1        return ((BCD>>4)*10)+BCD%16;
  57   1      }
  58          
  59          void set_RTC(u8 h,u8 m,u8 s)//设置时间值
  60          {
  61   1        Write_Ds1302_Byte(0x8e,0x00);//允许写
  62   1        Write_Ds1302_Byte(0x84, DECtoBCD(h));//写小时值
  63   1        Write_Ds1302_Byte(0x82, DECtoBCD(m));//写分钟值
  64   1        Write_Ds1302_Byte(0x80, DECtoBCD(s));//写秒值
  65   1        Write_Ds1302_Byte(0x8e,0x80); //禁止写
  66   1      }
  67          
  68          void read_RTC(u8 *h,u8 *m,u8 *s)//读出时间值
  69          {
  70   1        *h=Read_Ds1302_Byte(0x85);//读出小时值
  71   1        *h=BCDtoDEC(*h);//BCD码转十进制
  72   1        *m=Read_Ds1302_Byte(0x83);//读出分钟值
  73   1        *m=BCDtoDEC(*m);
  74   1        *s=Read_Ds1302_Byte(0x81);//读出秒值
  75   1        *s=BCDtoDEC(*s);
  76   1      }


MODULE INFORMATION:   STATIC OVERLAYABLE
   CODE SIZE        =    285    ----
   CONSTANT SIZE    =   ----    ----
   XDATA SIZE       =   ----    ----
   PDATA SIZE       =   ----    ----
   DATA SIZE        =   ----       9
   IDATA SIZE       =   ----    ----
   BIT SIZE         =   ----    ----
END OF MODULE INFORMATION.


C51 COMPILATION COMPLETE.  0 WARNING(S),  0 ERROR(S)
