C51 COMPILER V9.60.0.0   IIC                                                               04/23/2024 07:59:28 PAGE 1   


C51 COMPILER V9.60.0.0, COMPILATION OF MODULE IIC
OBJECT MODULE PLACED IN .\output\iic.obj
COMPILER INVOKED BY: C:\Keil_v5\C51\BIN\C51.EXE app\iic.c OPTIMIZE(8,SPEED) BROWSE INCDIR(.\app) DEBUG OBJECTEXTEND PRIN
                    -T(.\iic.lst) TABS(2) OBJECT(.\output\iic.obj)

line level    source

   1          #include "iic.h"
   2          
   3          
   4          
   5          static void I2C_Delay(unsigned char n)//I2C总线内部延时函数
   6          {
   7   1          do
   8   1          {
   9   2              _nop_();    //此处有修改只保留一个nop操作
  10   2          }
  11   1          while(n--);   
  12   1      }
  13          void I2CStart(void)//I2C总线启动信号
  14          {
  15   1        sda = 1;
  16   1        scl = 1;
  17   1        I2C_Delay(DELAY_TIME);
  18   1        sda = 0;
  19   1        I2C_Delay(DELAY_TIME);
  20   1        scl = 0;    
  21   1      }
  22          
  23          void I2CStop(void)//I2C总线停止信号
  24          {
  25   1        sda = 0;
  26   1        scl = 1;
  27   1        I2C_Delay(DELAY_TIME);
  28   1        sda = 1;
  29   1        I2C_Delay(DELAY_TIME);
  30   1      }
  31          
  32          void I2CSendAck(unsigned char ackbit)//发送应答或非应答信号
  33          {
  34   1        scl = 0;
  35   1        sda = ackbit; 
  36   1        I2C_Delay(DELAY_TIME);
  37   1        scl = 1;
  38   1        I2C_Delay(DELAY_TIME);
  39   1        scl = 0; 
  40   1        sda = 1;
  41   1        I2C_Delay(DELAY_TIME);
  42   1      }
  43          
  44          unsigned char I2CWaitAck(void) //等待应答
  45          {
  46   1        unsigned char ackbit;
  47   1        
  48   1        scl = 1;
  49   1        I2C_Delay(DELAY_TIME);
  50   1        ackbit = sda; 
  51   1        scl = 0;
  52   1        I2C_Delay(DELAY_TIME);
  53   1        
  54   1        return ackbit;
C51 COMPILER V9.60.0.0   IIC                                                               04/23/2024 07:59:28 PAGE 2   

  55   1      }
  56          
  57          void I2CSendByte(unsigned char byt)//I2C总线发送一个字节数据
  58          {
  59   1          unsigned char i;
  60   1        
  61   1          for(i=0; i<8; i++)
  62   1          {
  63   2              scl = 0;
  64   2              I2C_Delay(DELAY_TIME);
  65   2              if(byt & 0x80)
  66   2              {
  67   3                  sda = 1;
  68   3              }
  69   2              else
  70   2              {
  71   3                  sda = 0;
  72   3              }
  73   2              I2C_Delay(DELAY_TIME);
  74   2              scl = 1;
  75   2              byt <<= 1;
  76   2              I2C_Delay(DELAY_TIME);
  77   2          } 
  78   1          scl = 0;  
  79   1      }
  80          unsigned char I2CReceiveByte(void)//I2C总线接收一个字节数据
  81          {
  82   1        unsigned char da;
  83   1        unsigned char i;
  84   1        for(i=0;i<8;i++)
  85   1        {   
  86   2          scl = 1;
  87   2          I2C_Delay(DELAY_TIME);
  88   2          da <<= 1;
  89   2          if(sda) da |= 0x01;
  90   2          scl = 0;
  91   2          I2C_Delay(DELAY_TIME);
  92   2        }
  93   1        return da;    
  94   1      }


MODULE INFORMATION:   STATIC OVERLAYABLE
   CODE SIZE        =    172    ----
   CONSTANT SIZE    =   ----    ----
   XDATA SIZE       =   ----    ----
   PDATA SIZE       =   ----    ----
   DATA SIZE        =   ----    ----
   IDATA SIZE       =   ----    ----
   BIT SIZE         =   ----    ----
END OF MODULE INFORMATION.


C51 COMPILATION COMPLETE.  0 WARNING(S),  0 ERROR(S)
