C51 COMPILER V9.60.0.0   ONEWIRE                                                           05/11/2024 17:27:30 PAGE 1   


C51 COMPILER V9.60.0.0, COMPILATION OF MODULE ONEWIRE
OBJECT MODULE PLACED IN .\output\onewire.obj
COMPILER INVOKED BY: E:\danpianji\Keil 5\C51\BIN\C51.EXE app\onewire.c OPTIMIZE(8,SPEED) BROWSE INCDIR(.\app) DEBUG OBJE
                    -CTEXTEND PRINT(.\onewire.lst) TABS(2) OBJECT(.\output\onewire.obj)

line level    source

   1          #include "onewire.h"
   2          
   3          //单总线内部延时函数
   4          void Delay_OneWire(u16 t)  
   5          {
   6   1        while(t--);    //*****stc89c52不需要加for循环**** 
   7   1      }
   8          //单总线写操作
   9          void Write_DS18B20(u8 dat)
  10          {
  11   1        u8 i;
  12   1        for(i=0;i<8;i++)
  13   1        {
  14   2          DQ = 0;
  15   2          DQ = dat&0x01;
  16   2          Delay_OneWire(5);
  17   2          DQ = 1;
  18   2          dat >>= 1;
  19   2        }
  20   1        Delay_OneWire(5);
  21   1      }
  22          //单总线读操作
  23          u8 Read_DS18B20()
  24          {
  25   1        u8 i;
  26   1        u8 dat;
  27   1        
  28   1        for(i=0;i<8;i++)
  29   1        {
  30   2          DQ = 0;
  31   2          dat >>= 1;
  32   2          DQ = 1;
  33   2          if(DQ)
  34   2          {
  35   3            dat |= 0x80;
  36   3          }     
  37   2          Delay_OneWire(5);
  38   2        }
  39   1        return dat;
  40   1      }
  41          //DS18B20初始化
  42          bit init_ds18b20()
  43          {
  44   1          bit initflag = 0;
  45   1          
  46   1          DQ = 1;
  47   1          Delay_OneWire(12);
  48   1          DQ = 0;
  49   1          Delay_OneWire(80);
  50   1          DQ = 1;
  51   1          Delay_OneWire(10); 
  52   1          initflag = DQ;     
  53   1          Delay_OneWire(5);
  54   1        
C51 COMPILER V9.60.0.0   ONEWIRE                                                           05/11/2024 17:27:30 PAGE 2   

  55   1          return initflag;
  56   1      }
  57          //测量温度
  58          float ds18b20_TMP()
  59          {
  60   1        u8 Temp_H8b,Temp_L8b;
  61   1        u16 Temp; 
  62   1        rep:
  63   1        init_ds18b20();//复位
  64   1        Write_DS18B20(0xcc);//跳过寻址
  65   1        Write_DS18B20(0x44);//发测温命令
  66   1        init_ds18b20();//复位
  67   1        Write_DS18B20(0xcc);//跳过寻址
  68   1        Write_DS18B20(0xbe);//发读命令
  69   1        Temp_L8b=Read_DS18B20();//读出温度值的低8位
  70   1        Temp_H8b=Read_DS18B20();//读出温度值的高8位
  71   1        Temp=Temp_H8b<<8;//合并成16位
  72   1        Temp=Temp+Temp_L8b;
  73   1        if(Temp>1280) goto rep; //首次测量不正常，温度为85，需要再测一次
  74   1        return Temp/16.0;//转换成浮点值
  75   1      }


MODULE INFORMATION:   STATIC OVERLAYABLE
   CODE SIZE        =    201    ----
   CONSTANT SIZE    =   ----    ----
   XDATA SIZE       =   ----    ----
   PDATA SIZE       =   ----    ----
   DATA SIZE        =   ----    ----
   IDATA SIZE       =   ----    ----
   BIT SIZE         =   ----       1
END OF MODULE INFORMATION.


C51 COMPILATION COMPLETE.  0 WARNING(S),  0 ERROR(S)
