C51 COMPILER V9.60.0.0   PCF8591                                                           04/23/2024 07:59:28 PAGE 1   


C51 COMPILER V9.60.0.0, COMPILATION OF MODULE PCF8591
OBJECT MODULE PLACED IN .\output\pcf8591.obj
COMPILER INVOKED BY: C:\Keil_v5\C51\BIN\C51.EXE app\pcf8591.c OPTIMIZE(8,SPEED) BROWSE INCDIR(.\app) DEBUG OBJECTEXTEND 
                    -PRINT(.\pcf8591.lst) TABS(2) OBJECT(.\output\pcf8591.obj)

line level    source

   1          #include "pcf8591.h"
   2          
   3          u8 AtoD(u8 channel)//模拟转数字，channel(0-3)对应通道AIN0-AIN3，0-模拟输出、1-光敏、3-
             -调电阻
   4          {
   5   1        u8 dat;
   6   1        I2CStart();//启动
   7   1        I2CSendByte(0x90);//发送地址和写命令
   8   1        I2CWaitAck();//等待应答
   9   1        I2CSendByte(0x40+channel);//选择通道启动转换，0x40-0x43对应通道AIN0-AIN3
  10   1        I2CWaitAck();//等待应答 
  11   1        I2CStart();//重新启动
  12   1        I2CSendByte(0x91);//发送地址和读命令
  13   1        I2CWaitAck();//等待应答
  14   1        dat=I2CReceiveByte();//读出数字值 
  15   1        I2CSendAck(1);//发送非应答信号
  16   1        I2CStop(); //停止 
  17   1        return dat;
  18   1      }
  19          
  20          void DtoA(u8 dat)//数字转模拟
  21          {
  22   1        I2CStart();//启动
  23   1        I2CSendByte(0x90);//发送地址和写命令
  24   1        I2CWaitAck();//等待应答
  25   1        I2CSendByte(0x40);//使能DA转换
  26   1        I2CWaitAck();//等待应答
  27   1        I2CSendByte(dat);//发送数字值
  28   1        I2CWaitAck();//等待应答
  29   1        I2CStop(); //停止
  30   1      }


MODULE INFORMATION:   STATIC OVERLAYABLE
   CODE SIZE        =     83    ----
   CONSTANT SIZE    =   ----    ----
   XDATA SIZE       =   ----    ----
   PDATA SIZE       =   ----    ----
   DATA SIZE        =   ----       3
   IDATA SIZE       =   ----    ----
   BIT SIZE         =   ----    ----
END OF MODULE INFORMATION.


C51 COMPILATION COMPLETE.  0 WARNING(S),  0 ERROR(S)
