C51 COMPILER V9.60.0.0   XPT2046                                                           04/23/2024 07:59:29 PAGE 1   


C51 COMPILER V9.60.0.0, COMPILATION OF MODULE XPT2046
OBJECT MODULE PLACED IN .\output\XPT2046.obj
COMPILER INVOKED BY: C:\Keil_v5\C51\BIN\C51.EXE app\XPT2046.c OPTIMIZE(8,SPEED) BROWSE INCDIR(.\app) DEBUG OBJECTEXTEND 
                    -PRINT(.\XPT2046.lst) TABS(2) OBJECT(.\output\XPT2046.obj)

line level    source

   1          #include "XPT2046.h"
   2          
   3          void SPI_Write(u8 dat)//ÂèëÈÄÅÂëΩ‰ª§
   4          {
   5   1        u8 i;
   6   1        CLK = 0;
   7   1        for(i=0; i<8; i++)
   8   1        {
   9   2          DIN = dat >> 7;   //ÊîæÁΩÆÊúÄÈ´ò‰Ωç
  10   2          dat <<= 1;
  11   2          CLK = 0;    //‰∏äÂçáÊ≤øÊîæÁΩÆÊï∞ÊçÆ
  12   2      
  13   2          CLK = 1;
  14   2        }
  15   1      }
  16          
  17          u16 SPI_Read( )//ËØªÂèñ12‰ΩçÊï∞Â≠ó‰ø°Âè∑
  18          {
  19   1        u8  i;
  20   1        u16 dat=0;
  21   1        CLK = 0;
  22   1        for(i=0; i<12; i++)   //Êé•Êî∂12‰ΩçÊï∞ÊçÆ
  23   1        {
  24   2          dat <<= 1;
  25   2      
  26   2          CLK = 1;
  27   2          CLK = 0;
  28   2      
  29   2          dat |= DOUT;
  30   2      
  31   2        }
  32   1        return dat; 
  33   1      }
  34          
  35          u16 Read_AD_Data(u8 cmd)//Â∞ÜÊåáÂÆöÈÄöÈÅìcmdÁöÑÊ®°Êãü‰ø°Âè∑ËΩ¨Êç¢ÊàêÊï∞Â≠ó‰ø°Âè∑ÔºåÂπ∂ËøîÂõûÊï∞Â≠ó‰ø°Âè∑ÂÄ
             -º
  36          {
  37   1        u8 i;
  38   1        u16 AD_Value;
  39   1        CLK = 0;
  40   1        CS  = 0;
  41   1        SPI_Write(cmd);
  42   1        for(i=6; i>0; i--);   //Âª∂Êó∂Á≠âÂæÖËΩ¨Êç¢ÁªìÊûú
  43   1        CLK = 1;    //ÂèëÈÄÅ‰∏Ä‰∏™Êó∂ÈíüÂë®ÊúüÔºåÊ∏ÖÈô§BUSY
  44   1        _nop_();
  45   1        _nop_();
  46   1        CLK = 0;
  47   1        _nop_();
  48   1        _nop_();
  49   1        AD_Value=SPI_Read();
  50   1        CS = 1;
  51   1        return AD_Value;  
  52   1      }

C51 COMPILER V9.60.0.0   XPT2046                                                           04/23/2024 07:59:29 PAGE 2   


MODULE INFORMATION:   STATIC OVERLAYABLE
   CODE SIZE        =    110    ----
   CONSTANT SIZE    =   ----    ----
   XDATA SIZE       =   ----    ----
   PDATA SIZE       =   ----    ----
   DATA SIZE        =   ----    ----
   IDATA SIZE       =   ----    ----
   BIT SIZE         =   ----    ----
END OF MODULE INFORMATION.


C51 COMPILATION COMPLETE.  0 WARNING(S),  0 ERROR(S)
